## Footprint report - date 08/10/21 22:42:22
## Created by Pcbnew version kicad (5.1.6)-1
## Unit = mm, Angle = deg.

$BeginDESCRIPTION

$BOARD
upper_left_corner 110.853572 36.246428
lower_right_corner 156.527381 143.920238
$EndBOARD

$MODULE "D3"
reference "D3"
value "P6SMB6.8A"
footprint "Diode_SMD:D_SMB"
attribut smd
position 127.600000 47.500000  orientation 0.00
layer front
$PAD "2"
Shape Rect Layer front
position  2.150000  0.000000  size  2.500000  2.300000  orientation 0.00
drill  0.000000
shape_offset  0.000000  0.000000
$EndPAD
$PAD "1"
Shape Rect Layer front
position -2.150000  0.000000  size  2.500000  2.300000  orientation 0.00
drill  0.000000
shape_offset  0.000000  0.000000
$EndPAD
$EndMODULE  D3

$MODULE "SW2"
reference "SW2"
value "SW_SPDT"
footprint "Button_Switch_SMD:SW_SPDT_PCM12"
attribut smd
position 142.930000 45.750000  orientation 90.00
layer front
$PAD ""
Shape Circle Layer both
position -1.500000  0.330000  size  0.900000  0.900000  orientation 0.00
drill  0.900000
shape_offset  0.000000  0.000000
$EndPAD
$PAD ""
Shape Circle Layer both
position  1.500000  0.330000  size  0.900000  0.900000  orientation 0.00
drill  0.900000
shape_offset  0.000000  0.000000
$EndPAD
$PAD "1"
Shape Rect Layer front
position -2.250000 -1.430000  size  0.700000  1.500000  orientation 0.00
drill  0.000000
shape_offset  0.000000  0.000000
$EndPAD
$PAD "2"
Shape Rect Layer front
position  0.750000 -1.430000  size  0.700000  1.500000  orientation 0.00
drill  0.000000
shape_offset  0.000000  0.000000
$EndPAD
$PAD "3"
Shape Rect Layer front
position  2.250000 -1.430000  size  0.700000  1.500000  orientation 0.00
drill  0.000000
shape_offset  0.000000  0.000000
$EndPAD
$PAD ""
Shape Rect Layer front
position -3.650000  1.430000  size  1.000000  0.800000  orientation 0.00
drill  0.000000
shape_offset  0.000000  0.000000
$EndPAD
$PAD ""
Shape Rect Layer front
position  3.650000  1.430000  size  1.000000  0.800000  orientation 0.00
drill  0.000000
shape_offset  0.000000  0.000000
$EndPAD
$PAD ""
Shape Rect Layer front
position  3.650000 -0.780000  size  1.000000  0.800000  orientation 0.00
drill  0.000000
shape_offset  0.000000  0.000000
$EndPAD
$PAD ""
Shape Rect Layer front
position -3.650000 -0.780000  size  1.000000  0.800000  orientation 0.00
drill  0.000000
shape_offset  0.000000  0.000000
$EndPAD
$EndMODULE  SW2

$MODULE "C4"
reference "C4"
value "12p"
footprint "Capacitor_SMD:C_0603_1608Metric_Pad1.08x0.95mm_HandSolder"
attribut smd
position 143.500000 75.500000  orientation 180.00
layer front
$PAD "2"
Shape Roundrect Layer front
position  0.862500  0.000000  size  1.075000  0.950000  orientation 0.00
drill  0.000000
shape_offset  0.000000  0.000000
$EndPAD
$PAD "1"
Shape Roundrect Layer front
position -0.862500  0.000000  size  1.075000  0.950000  orientation 0.00
drill  0.000000
shape_offset  0.000000  0.000000
$EndPAD
$EndMODULE  C4

$MODULE "C2"
reference "C2"
value "12p"
footprint "Capacitor_SMD:C_0603_1608Metric_Pad1.08x0.95mm_HandSolder"
attribut smd
position 143.500000 73.750000  orientation 180.00
layer front
$PAD "2"
Shape Roundrect Layer front
position  0.862500  0.000000  size  1.075000  0.950000  orientation 0.00
drill  0.000000
shape_offset  0.000000  0.000000
$EndPAD
$PAD "1"
Shape Roundrect Layer front
position -0.862500  0.000000  size  1.075000  0.950000  orientation 0.00
drill  0.000000
shape_offset  0.000000  0.000000
$EndPAD
$EndMODULE  C2

$MODULE "C3"
reference "C3"
value "12p"
footprint "Capacitor_SMD:C_0603_1608Metric_Pad1.08x0.95mm_HandSolder"
attribut smd
position 143.500000 72.000000  orientation 180.00
layer front
$PAD "1"
Shape Roundrect Layer front
position -0.862500  0.000000  size  1.075000  0.950000  orientation 0.00
drill  0.000000
shape_offset  0.000000  0.000000
$EndPAD
$PAD "2"
Shape Roundrect Layer front
position  0.862500  0.000000  size  1.075000  0.950000  orientation 0.00
drill  0.000000
shape_offset  0.000000  0.000000
$EndPAD
$EndMODULE  C3

$MODULE "C5"
reference "C5"
value "12p"
footprint "Capacitor_SMD:C_0603_1608Metric_Pad1.08x0.95mm_HandSolder"
attribut smd
position 143.500000 77.250000  orientation 180.00
layer front
$PAD "1"
Shape Roundrect Layer front
position -0.862500  0.000000  size  1.075000  0.950000  orientation 0.00
drill  0.000000
shape_offset  0.000000  0.000000
$EndPAD
$PAD "2"
Shape Roundrect Layer front
position  0.862500  0.000000  size  1.075000  0.950000  orientation 0.00
drill  0.000000
shape_offset  0.000000  0.000000
$EndPAD
$EndMODULE  C5

$MODULE "R4"
reference "R4"
value "3.3k"
footprint "Resistor_SMD:R_0603_1608Metric_Pad1.05x0.95mm_HandSolder"
attribut smd
position 139.375000 77.250000  orientation 180.00
layer front
$PAD "2"
Shape Roundrect Layer front
position  0.875000  0.000000  size  1.050000  0.950000  orientation 0.00
drill  0.000000
shape_offset  0.000000  0.000000
$EndPAD
$PAD "1"
Shape Roundrect Layer front
position -0.875000  0.000000  size  1.050000  0.950000  orientation 0.00
drill  0.000000
shape_offset  0.000000  0.000000
$EndPAD
$EndMODULE  R4

$MODULE "R1"
reference "R1"
value "3.3k"
footprint "Resistor_SMD:R_0603_1608Metric_Pad1.05x0.95mm_HandSolder"
attribut smd
position 139.387500 73.750000  orientation 180.00
layer front
$PAD "2"
Shape Roundrect Layer front
position  0.875000  0.000000  size  1.050000  0.950000  orientation 0.00
drill  0.000000
shape_offset  0.000000  0.000000
$EndPAD
$PAD "1"
Shape Roundrect Layer front
position -0.875000  0.000000  size  1.050000  0.950000  orientation 0.00
drill  0.000000
shape_offset  0.000000  0.000000
$EndPAD
$EndMODULE  R1

$MODULE "R3"
reference "R3"
value "3.3k"
footprint "Resistor_SMD:R_0603_1608Metric_Pad1.05x0.95mm_HandSolder"
attribut smd
position 139.375000 75.500000  orientation 180.00
layer front
$PAD "2"
Shape Roundrect Layer front
position  0.875000  0.000000  size  1.050000  0.950000  orientation 0.00
drill  0.000000
shape_offset  0.000000  0.000000
$EndPAD
$PAD "1"
Shape Roundrect Layer front
position -0.875000  0.000000  size  1.050000  0.950000  orientation 0.00
drill  0.000000
shape_offset  0.000000  0.000000
$EndPAD
$EndMODULE  R3

$MODULE "R2"
reference "R2"
value "3.3k"
footprint "Resistor_SMD:R_0603_1608Metric_Pad1.05x0.95mm_HandSolder"
attribut smd
position 139.375000 72.000000  orientation 180.00
layer front
$PAD "1"
Shape Roundrect Layer front
position -0.875000  0.000000  size  1.050000  0.950000  orientation 0.00
drill  0.000000
shape_offset  0.000000  0.000000
$EndPAD
$PAD "2"
Shape Roundrect Layer front
position  0.875000  0.000000  size  1.050000  0.950000  orientation 0.00
drill  0.000000
shape_offset  0.000000  0.000000
$EndPAD
$EndMODULE  R2

$MODULE "D2"
reference "D2"
value "LED"
footprint "LED_SMD:LED_0805_2012Metric_Pad1.15x1.40mm_HandSolder"
attribut smd
position 136.750000 44.225000  orientation 90.00
layer back
$PAD "2"
Shape Roundrect Layer back
position  1.025000  0.000000  size  1.150000  1.400000  orientation 0.00
drill  0.000000
shape_offset  0.000000  0.000000
$EndPAD
$PAD "1"
Shape Roundrect Layer back
position -1.025000  0.000000  size  1.150000  1.400000  orientation 0.00
drill  0.000000
shape_offset  0.000000  0.000000
$EndPAD
$EndMODULE  D2

$MODULE "U6"
reference "U6"
value "LP2985-3.3"
footprint "Package_TO_SOT_SMD:SOT-23-5"
attribut smd
position 131.137500 75.200000  orientation 180.00
layer front
$PAD "1"
Shape Roundrect Layer front
position -1.137500 -0.950000  size  1.325000  0.600000  orientation 0.00
drill  0.000000
shape_offset  0.000000  0.000000
$EndPAD
$PAD "2"
Shape Roundrect Layer front
position -1.137500  0.000000  size  1.325000  0.600000  orientation 0.00
drill  0.000000
shape_offset  0.000000  0.000000
$EndPAD
$PAD "3"
Shape Roundrect Layer front
position -1.137500  0.950000  size  1.325000  0.600000  orientation 0.00
drill  0.000000
shape_offset  0.000000  0.000000
$EndPAD
$PAD "4"
Shape Roundrect Layer front
position  1.137500  0.950000  size  1.325000  0.600000  orientation 0.00
drill  0.000000
shape_offset  0.000000  0.000000
$EndPAD
$PAD "5"
Shape Roundrect Layer front
position  1.137500 -0.950000  size  1.325000  0.600000  orientation 0.00
drill  0.000000
shape_offset  0.000000  0.000000
$EndPAD
$EndMODULE  U6

$MODULE "U5"
reference "U5"
value "TP4056"
footprint "Package_SO:SOP-8_3.9x4.9mm_P1.27mm"
attribut smd
position 136.750000 130.000000  orientation 90.00
layer front
$PAD "8"
Shape Roundrect Layer front
position  2.625000 -1.905000  size  1.650000  0.600000  orientation 0.00
drill  0.000000
shape_offset  0.000000  0.000000
$EndPAD
$PAD "7"
Shape Roundrect Layer front
position  2.625000 -0.635000  size  1.650000  0.600000  orientation 0.00
drill  0.000000
shape_offset  0.000000  0.000000
$EndPAD
$PAD "6"
Shape Roundrect Layer front
position  2.625000  0.635000  size  1.650000  0.600000  orientation 0.00
drill  0.000000
shape_offset  0.000000  0.000000
$EndPAD
$PAD "5"
Shape Roundrect Layer front
position  2.625000  1.905000  size  1.650000  0.600000  orientation 0.00
drill  0.000000
shape_offset  0.000000  0.000000
$EndPAD
$PAD "4"
Shape Roundrect Layer front
position -2.625000  1.905000  size  1.650000  0.600000  orientation 0.00
drill  0.000000
shape_offset  0.000000  0.000000
$EndPAD
$PAD "3"
Shape Roundrect Layer front
position -2.625000  0.635000  size  1.650000  0.600000  orientation 0.00
drill  0.000000
shape_offset  0.000000  0.000000
$EndPAD
$PAD "2"
Shape Roundrect Layer front
position -2.625000 -0.635000  size  1.650000  0.600000  orientation 0.00
drill  0.000000
shape_offset  0.000000  0.000000
$EndPAD
$PAD "1"
Shape Roundrect Layer front
position -2.625000 -1.905000  size  1.650000  0.600000  orientation 0.00
drill  0.000000
shape_offset  0.000000  0.000000
$EndPAD
$EndMODULE  U5

$MODULE "C12"
reference "C12"
value "4.7u"
footprint "Capacitor_Tantalum_SMD:CP_EIA-3528-21_Kemet-B_Pad1.50x2.35mm_HandSolder"
attribut smd
position 134.875000 100.750000  orientation 180.00
layer front
$PAD "1"
Shape Roundrect Layer front
position -1.625000  0.000000  size  1.500000  2.350000  orientation 0.00
drill  0.000000
shape_offset  0.000000  0.000000
$EndPAD
$PAD "2"
Shape Roundrect Layer front
position  1.625000  0.000000  size  1.500000  2.350000  orientation 0.00
drill  0.000000
shape_offset  0.000000  0.000000
$EndPAD
$EndMODULE  C12

$MODULE "D1"
reference "D1"
value "LED"
footprint "LED_SMD:LED_0805_2012Metric_Pad1.15x1.40mm_HandSolder"
attribut smd
position 134.500000 44.250000  orientation 90.00
layer back
$PAD "1"
Shape Roundrect Layer back
position -1.025000  0.000000  size  1.150000  1.400000  orientation 0.00
drill  0.000000
shape_offset  0.000000  0.000000
$EndPAD
$PAD "2"
Shape Roundrect Layer back
position  1.025000  0.000000  size  1.150000  1.400000  orientation 0.00
drill  0.000000
shape_offset  0.000000  0.000000
$EndPAD
$EndMODULE  D1

$MODULE "F1"
reference "F1"
value "MF-MSMF050/30"
footprint "Resistor_SMD:R_1812_4532Metric_Pad1.30x3.40mm_HandSolder"
attribut smd
position 125.750000 55.475000  orientation 90.00
layer front
$PAD "2"
Shape Roundrect Layer front
position  2.225000  0.000000  size  1.300000  3.400000  orientation 0.00
drill  0.000000
shape_offset  0.000000  0.000000
$EndPAD
$PAD "1"
Shape Roundrect Layer front
position -2.225000  0.000000  size  1.300000  3.400000  orientation 0.00
drill  0.000000
shape_offset  0.000000  0.000000
$EndPAD
$EndMODULE  F1

$MODULE "FB1"
reference "FB1"
value "CB05YTYH600-1"
footprint "Inductor_SMD:L_0805_2012Metric_Pad1.05x1.20mm_HandSolder"
attribut smd
position 125.850000 51.000000  orientation 0.00
layer front
$PAD "2"
Shape Roundrect Layer front
position  1.150000  0.000000  size  1.050000  1.200000  orientation 0.00
drill  0.000000
shape_offset  0.000000  0.000000
$EndPAD
$PAD "1"
Shape Roundrect Layer front
position -1.150000  0.000000  size  1.050000  1.200000  orientation 0.00
drill  0.000000
shape_offset  0.000000  0.000000
$EndPAD
$EndMODULE  FB1

$MODULE "Q1"
reference "Q1"
value "AO3400A"
footprint "Package_TO_SOT_SMD:SOT-23"
attribut smd
position 126.000000 77.250000  orientation 90.00
layer front
$PAD "3"
Shape Rect Layer front
position  1.000000  0.000000  size  0.900000  0.800000  orientation 0.00
drill  0.000000
shape_offset  0.000000  0.000000
$EndPAD
$PAD "2"
Shape Rect Layer front
position -1.000000  0.950000  size  0.900000  0.800000  orientation 0.00
drill  0.000000
shape_offset  0.000000  0.000000
$EndPAD
$PAD "1"
Shape Rect Layer front
position -1.000000 -0.950000  size  0.900000  0.800000  orientation 0.00
drill  0.000000
shape_offset  0.000000  0.000000
$EndPAD
$EndMODULE  Q1

$MODULE "Q2"
reference "Q2"
value "AO3401A"
footprint "Package_TO_SOT_SMD:SOT-23"
attribut smd
position 125.950000 118.500000  orientation 270.00
layer front
$PAD "1"
Shape Rect Layer front
position -1.000000 -0.950000  size  0.900000  0.800000  orientation 0.00
drill  0.000000
shape_offset  0.000000  0.000000
$EndPAD
$PAD "2"
Shape Rect Layer front
position -1.000000  0.950000  size  0.900000  0.800000  orientation 0.00
drill  0.000000
shape_offset  0.000000  0.000000
$EndPAD
$PAD "3"
Shape Rect Layer front
position  1.000000  0.000000  size  0.900000  0.800000  orientation 0.00
drill  0.000000
shape_offset  0.000000  0.000000
$EndPAD
$EndMODULE  Q2

$MODULE "Q3"
reference "Q3"
value "AO3401A"
footprint "Package_TO_SOT_SMD:SOT-23"
attribut smd
position 125.950000 71.000000  orientation 90.00
layer front
$PAD "1"
Shape Rect Layer front
position -1.000000 -0.950000  size  0.900000  0.800000  orientation 0.00
drill  0.000000
shape_offset  0.000000  0.000000
$EndPAD
$PAD "2"
Shape Rect Layer front
position -1.000000  0.950000  size  0.900000  0.800000  orientation 0.00
drill  0.000000
shape_offset  0.000000  0.000000
$EndPAD
$PAD "3"
Shape Rect Layer front
position  1.000000  0.000000  size  0.900000  0.800000  orientation 0.00
drill  0.000000
shape_offset  0.000000  0.000000
$EndPAD
$EndMODULE  Q3

$MODULE "Q4"
reference "Q4"
value "AO3400A"
footprint "Package_TO_SOT_SMD:SOT-23"
attribut smd
position 126.590000 131.220000  orientation 270.00
layer front
$PAD "1"
Shape Rect Layer front
position -1.000000 -0.950000  size  0.900000  0.800000  orientation 0.00
drill  0.000000
shape_offset  0.000000  0.000000
$EndPAD
$PAD "2"
Shape Rect Layer front
position -1.000000  0.950000  size  0.900000  0.800000  orientation 0.00
drill  0.000000
shape_offset  0.000000  0.000000
$EndPAD
$PAD "3"
Shape Rect Layer front
position  1.000000  0.000000  size  0.900000  0.800000  orientation 0.00
drill  0.000000
shape_offset  0.000000  0.000000
$EndPAD
$EndMODULE  Q4

$MODULE "Q5"
reference "Q5"
value "AO3400A"
footprint "Package_TO_SOT_SMD:SOT-23"
attribut smd
position 126.590000 134.760000  orientation 90.00
layer front
$PAD "3"
Shape Rect Layer front
position  1.000000  0.000000  size  0.900000  0.800000  orientation 0.00
drill  0.000000
shape_offset  0.000000  0.000000
$EndPAD
$PAD "2"
Shape Rect Layer front
position -1.000000  0.950000  size  0.900000  0.800000  orientation 0.00
drill  0.000000
shape_offset  0.000000  0.000000
$EndPAD
$PAD "1"
Shape Rect Layer front
position -1.000000 -0.950000  size  0.900000  0.800000  orientation 0.00
drill  0.000000
shape_offset  0.000000  0.000000
$EndPAD
$EndMODULE  Q5

$MODULE "TH1"
reference "TH1"
value "10k NTC"
footprint "Resistor_SMD:R_0805_2012Metric_Pad1.15x1.40mm_HandSolder"
attribut smd
position 125.975000 126.500000  orientation 180.00
layer back
$PAD "2"
Shape Roundrect Layer back
position  1.025000  0.000000  size  1.150000  1.400000  orientation 0.00
drill  0.000000
shape_offset  0.000000  0.000000
$EndPAD
$PAD "1"
Shape Roundrect Layer back
position -1.025000  0.000000  size  1.150000  1.400000  orientation 0.00
drill  0.000000
shape_offset  0.000000  0.000000
$EndPAD
$EndMODULE  TH1

$MODULE "U2"
reference "U2"
value "ATmega328P-A"
footprint "Package_QFP:TQFP-32_7x7mm_P0.8mm"
attribut smd
position 138.340990 89.419417  orientation 45.00
layer front
$PAD "1"
Shape Rect Layer front
position -4.250000 -2.800000  size  1.600000  0.550000  orientation 0.00
drill  0.000000
shape_offset  0.000000  0.000000
$EndPAD
$PAD "2"
Shape Rect Layer front
position -4.250000 -2.000000  size  1.600000  0.550000  orientation 0.00
drill  0.000000
shape_offset  0.000000  0.000000
$EndPAD
$PAD "3"
Shape Rect Layer front
position -4.250000 -1.200000  size  1.600000  0.550000  orientation 0.00
drill  0.000000
shape_offset  0.000000  0.000000
$EndPAD
$PAD "4"
Shape Rect Layer front
position -4.250000 -0.400000  size  1.600000  0.550000  orientation 0.00
drill  0.000000
shape_offset  0.000000  0.000000
$EndPAD
$PAD "5"
Shape Rect Layer front
position -4.250000  0.400000  size  1.600000  0.550000  orientation 0.00
drill  0.000000
shape_offset  0.000000  0.000000
$EndPAD
$PAD "6"
Shape Rect Layer front
position -4.250000  1.200000  size  1.600000  0.550000  orientation 0.00
drill  0.000000
shape_offset  0.000000  0.000000
$EndPAD
$PAD "7"
Shape Rect Layer front
position -4.250000  2.000000  size  1.600000  0.550000  orientation 0.00
drill  0.000000
shape_offset  0.000000  0.000000
$EndPAD
$PAD "8"
Shape Rect Layer front
position -4.250000  2.800000  size  1.600000  0.550000  orientation 0.00
drill  0.000000
shape_offset  0.000000  0.000000
$EndPAD
$PAD "9"
Shape Rect Layer front
position -2.800000  4.250000  size  1.600000  0.550000  orientation 90.00
drill  0.000000
shape_offset  0.000000  0.000000
$EndPAD
$PAD "10"
Shape Rect Layer front
position -2.000000  4.250000  size  1.600000  0.550000  orientation 90.00
drill  0.000000
shape_offset  0.000000  0.000000
$EndPAD
$PAD "11"
Shape Rect Layer front
position -1.200000  4.250000  size  1.600000  0.550000  orientation 90.00
drill  0.000000
shape_offset  0.000000  0.000000
$EndPAD
$PAD "12"
Shape Rect Layer front
position -0.400000  4.250000  size  1.600000  0.550000  orientation 90.00
drill  0.000000
shape_offset  0.000000  0.000000
$EndPAD
$PAD "13"
Shape Rect Layer front
position  0.400000  4.250000  size  1.600000  0.550000  orientation 90.00
drill  0.000000
shape_offset  0.000000  0.000000
$EndPAD
$PAD "14"
Shape Rect Layer front
position  1.200000  4.250000  size  1.600000  0.550000  orientation 90.00
drill  0.000000
shape_offset  0.000000  0.000000
$EndPAD
$PAD "15"
Shape Rect Layer front
position  2.000000  4.250000  size  1.600000  0.550000  orientation 90.00
drill  0.000000
shape_offset  0.000000  0.000000
$EndPAD
$PAD "16"
Shape Rect Layer front
position  2.800000  4.250000  size  1.600000  0.550000  orientation 90.00
drill  0.000000
shape_offset  0.000000  0.000000
$EndPAD
$PAD "17"
Shape Rect Layer front
position  4.250000  2.800000  size  1.600000  0.550000  orientation 0.00
drill  0.000000
shape_offset  0.000000  0.000000
$EndPAD
$PAD "18"
Shape Rect Layer front
position  4.250000  2.000000  size  1.600000  0.550000  orientation 0.00
drill  0.000000
shape_offset  0.000000  0.000000
$EndPAD
$PAD "19"
Shape Rect Layer front
position  4.250000  1.200000  size  1.600000  0.550000  orientation 0.00
drill  0.000000
shape_offset  0.000000  0.000000
$EndPAD
$PAD "20"
Shape Rect Layer front
position  4.250000  0.400000  size  1.600000  0.550000  orientation 0.00
drill  0.000000
shape_offset  0.000000  0.000000
$EndPAD
$PAD "21"
Shape Rect Layer front
position  4.250000 -0.400000  size  1.600000  0.550000  orientation 0.00
drill  0.000000
shape_offset  0.000000  0.000000
$EndPAD
$PAD "22"
Shape Rect Layer front
position  4.250000 -1.200000  size  1.600000  0.550000  orientation 0.00
drill  0.000000
shape_offset  0.000000  0.000000
$EndPAD
$PAD "23"
Shape Rect Layer front
position  4.250000 -2.000000  size  1.600000  0.550000  orientation 0.00
drill  0.000000
shape_offset  0.000000  0.000000
$EndPAD
$PAD "24"
Shape Rect Layer front
position  4.250000 -2.800000  size  1.600000  0.550000  orientation 0.00
drill  0.000000
shape_offset  0.000000  0.000000
$EndPAD
$PAD "25"
Shape Rect Layer front
position  2.800000 -4.250000  size  1.600000  0.550000  orientation 90.00
drill  0.000000
shape_offset  0.000000  0.000000
$EndPAD
$PAD "26"
Shape Rect Layer front
position  2.000000 -4.250000  size  1.600000  0.550000  orientation 90.00
drill  0.000000
shape_offset  0.000000  0.000000
$EndPAD
$PAD "27"
Shape Rect Layer front
position  1.200000 -4.250000  size  1.600000  0.550000  orientation 90.00
drill  0.000000
shape_offset  0.000000  0.000000
$EndPAD
$PAD "28"
Shape Rect Layer front
position  0.400000 -4.250000  size  1.600000  0.550000  orientation 90.00
drill  0.000000
shape_offset  0.000000  0.000000
$EndPAD
$PAD "29"
Shape Rect Layer front
position -0.400000 -4.250000  size  1.600000  0.550000  orientation 90.00
drill  0.000000
shape_offset  0.000000  0.000000
$EndPAD
$PAD "30"
Shape Rect Layer front
position -1.200000 -4.250000  size  1.600000  0.550000  orientation 90.00
drill  0.000000
shape_offset  0.000000  0.000000
$EndPAD
$PAD "31"
Shape Rect Layer front
position -2.000000 -4.250000  size  1.600000  0.550000  orientation 90.00
drill  0.000000
shape_offset  0.000000  0.000000
$EndPAD
$PAD "32"
Shape Rect Layer front
position -2.800000 -4.250000  size  1.600000  0.550000  orientation 90.00
drill  0.000000
shape_offset  0.000000  0.000000
$EndPAD
$EndMODULE  U2

$MODULE "U4"
reference "U4"
value "DS3231"
footprint "Package_SO:SOIC-16W_7.5x10.3mm_P1.27mm"
attribut smd
position 137.900000 108.750000  orientation 0.00
layer front
$PAD "1"
Shape Roundrect Layer front
position -4.650000 -4.445000  size  2.050000  0.600000  orientation 0.00
drill  0.000000
shape_offset  0.000000  0.000000
$EndPAD
$PAD "2"
Shape Roundrect Layer front
position -4.650000 -3.175000  size  2.050000  0.600000  orientation 0.00
drill  0.000000
shape_offset  0.000000  0.000000
$EndPAD
$PAD "3"
Shape Roundrect Layer front
position -4.650000 -1.905000  size  2.050000  0.600000  orientation 0.00
drill  0.000000
shape_offset  0.000000  0.000000
$EndPAD
$PAD "4"
Shape Roundrect Layer front
position -4.650000 -0.635000  size  2.050000  0.600000  orientation 0.00
drill  0.000000
shape_offset  0.000000  0.000000
$EndPAD
$PAD "5"
Shape Roundrect Layer front
position -4.650000  0.635000  size  2.050000  0.600000  orientation 0.00
drill  0.000000
shape_offset  0.000000  0.000000
$EndPAD
$PAD "6"
Shape Roundrect Layer front
position -4.650000  1.905000  size  2.050000  0.600000  orientation 0.00
drill  0.000000
shape_offset  0.000000  0.000000
$EndPAD
$PAD "7"
Shape Roundrect Layer front
position -4.650000  3.175000  size  2.050000  0.600000  orientation 0.00
drill  0.000000
shape_offset  0.000000  0.000000
$EndPAD
$PAD "8"
Shape Roundrect Layer front
position -4.650000  4.445000  size  2.050000  0.600000  orientation 0.00
drill  0.000000
shape_offset  0.000000  0.000000
$EndPAD
$PAD "9"
Shape Roundrect Layer front
position  4.650000  4.445000  size  2.050000  0.600000  orientation 0.00
drill  0.000000
shape_offset  0.000000  0.000000
$EndPAD
$PAD "10"
Shape Roundrect Layer front
position  4.650000  3.175000  size  2.050000  0.600000  orientation 0.00
drill  0.000000
shape_offset  0.000000  0.000000
$EndPAD
$PAD "11"
Shape Roundrect Layer front
position  4.650000  1.905000  size  2.050000  0.600000  orientation 0.00
drill  0.000000
shape_offset  0.000000  0.000000
$EndPAD
$PAD "12"
Shape Roundrect Layer front
position  4.650000  0.635000  size  2.050000  0.600000  orientation 0.00
drill  0.000000
shape_offset  0.000000  0.000000
$EndPAD
$PAD "13"
Shape Roundrect Layer front
position  4.650000 -0.635000  size  2.050000  0.600000  orientation 0.00
drill  0.000000
shape_offset  0.000000  0.000000
$EndPAD
$PAD "14"
Shape Roundrect Layer front
position  4.650000 -1.905000  size  2.050000  0.600000  orientation 0.00
drill  0.000000
shape_offset  0.000000  0.000000
$EndPAD
$PAD "15"
Shape Roundrect Layer front
position  4.650000 -3.175000  size  2.050000  0.600000  orientation 0.00
drill  0.000000
shape_offset  0.000000  0.000000
$EndPAD
$PAD "16"
Shape Roundrect Layer front
position  4.650000 -4.445000  size  2.050000  0.600000  orientation 0.00
drill  0.000000
shape_offset  0.000000  0.000000
$EndPAD
$EndMODULE  U4

$MODULE "U7"
reference "U7"
value "DW01-P"
footprint "Package_TO_SOT_SMD:SOT-23-6_Handsoldering"
attribut smd
position 125.800000 123.750000  orientation 90.00
layer front
$PAD "5"
Shape Rect Layer front
position  1.350000  0.000000  size  1.560000  0.650000  orientation 0.00
drill  0.000000
shape_offset  0.000000  0.000000
$EndPAD
$PAD "6"
Shape Rect Layer front
position  1.350000 -0.950000  size  1.560000  0.650000  orientation 0.00
drill  0.000000
shape_offset  0.000000  0.000000
$EndPAD
$PAD "4"
Shape Rect Layer front
position  1.350000  0.950000  size  1.560000  0.650000  orientation 0.00
drill  0.000000
shape_offset  0.000000  0.000000
$EndPAD
$PAD "3"
Shape Rect Layer front
position -1.350000  0.950000  size  1.560000  0.650000  orientation 0.00
drill  0.000000
shape_offset  0.000000  0.000000
$EndPAD
$PAD "2"
Shape Rect Layer front
position -1.350000  0.000000  size  1.560000  0.650000  orientation 0.00
drill  0.000000
shape_offset  0.000000  0.000000
$EndPAD
$PAD "1"
Shape Rect Layer front
position -1.350000 -0.950000  size  1.560000  0.650000  orientation 0.00
drill  0.000000
shape_offset  0.000000  0.000000
$EndPAD
$EndMODULE  U7

$MODULE "Y1"
reference "Y1"
value "8M"
footprint "Crystal:Crystal_SMD_Abracon_ABM3-2Pin_5.0x3.2mm"
attribut smd
position 130.815800 94.929229  orientation 270.00
layer front
$PAD "2"
Shape Rect Layer front
position  2.050000  0.000000  size  1.900000  2.400000  orientation 0.00
drill  0.000000
shape_offset  0.000000  0.000000
$EndPAD
$PAD "1"
Shape Rect Layer front
position -2.050000  0.000000  size  1.900000  2.400000  orientation 0.00
drill  0.000000
shape_offset  0.000000  0.000000
$EndPAD
$EndMODULE  Y1

$MODULE "J5"
reference "J5"
value "USB_B_Mini"
footprint "Connector_USB:USB_Micro-B_GCT_USB3076-30-A"
attribut smd
position 128.540000 44.000000  orientation 0.00
layer back
$PAD "6"
Shape Rect Layer back
position -2.320000  1.030000  size  1.150000  1.450000  orientation 0.00
drill  0.000000
shape_offset  0.000000  0.000000
$EndPAD
$PAD "6"
Shape Rect Layer back
position  2.320000  1.030000  size  1.150000  1.450000  orientation 0.00
drill  0.000000
shape_offset  0.000000  0.000000
$EndPAD
$PAD "6"
Shape Oval Layer both
position  3.575000 -1.200000  size  1.050000  1.900000  orientation 0.00
drill  0.450000
shape_offset  0.000000  0.000000
$EndPAD
$PAD "6"
Shape Oval Layer both
position -3.575000 -1.200000  size  1.050000  1.900000  orientation 180.00
drill  0.450000
shape_offset  0.000000  0.000000
$EndPAD
$PAD "6"
Shape Rect Layer back
position -1.125000 -1.200000  size  1.750000  1.900000  orientation 0.00
drill  0.000000
shape_offset  0.000000  0.000000
$EndPAD
$PAD "3"
Shape Rect Layer back
position  0.000000  1.450000  size  0.400000  1.400000  orientation 0.00
drill  0.000000
shape_offset  0.000000  0.000000
$EndPAD
$PAD "4"
Shape Rect Layer back
position  0.650000  1.450000  size  0.400000  1.400000  orientation 0.00
drill  0.000000
shape_offset  0.000000  0.000000
$EndPAD
$PAD "5"
Shape Rect Layer back
position  1.300000  1.450000  size  0.400000  1.400000  orientation 0.00
drill  0.000000
shape_offset  0.000000  0.000000
$EndPAD
$PAD "1"
Shape Rect Layer back
position -1.300000  1.450000  size  0.400000  1.400000  orientation 0.00
drill  0.000000
shape_offset  0.000000  0.000000
$EndPAD
$PAD "2"
Shape Rect Layer back
position -0.650000  1.450000  size  0.400000  1.400000  orientation 0.00
drill  0.000000
shape_offset  0.000000  0.000000
$EndPAD
$PAD "6"
Shape Rect Layer back
position  1.125000 -1.200000  size  1.750000  1.900000  orientation 0.00
drill  0.000000
shape_offset  0.000000  0.000000
$EndPAD
$EndMODULE  J5

$MODULE "J3"
reference "J3"
value "External_I2C_0"
footprint "IgorFootprints:my_i2c_smd"
attribut none
position 138.750000 135.500000  orientation 90.00
layer back
$PAD "3"
Shape Rect Layer back
position  0.000000 -5.080000  size  4.300000  1.700000  orientation 0.00
drill  0.000000
shape_offset  0.000000  0.000000
$EndPAD
$PAD "4"
Shape Rect Layer back
position  0.000000 -7.620000  size  4.300000  1.700000  orientation 0.00
drill  0.000000
shape_offset  0.000000  0.000000
$EndPAD
$PAD "2"
Shape Rect Layer back
position  0.000000 -2.540000  size  4.300000  1.700000  orientation 0.00
drill  0.000000
shape_offset  0.000000  0.000000
$EndPAD
$PAD "1"
Shape Rect Layer back
position  0.000000  0.000000  size  4.300000  1.700000  orientation 0.00
drill  0.000000
shape_offset  0.000000  0.000000
$EndPAD
$EndMODULE  J3

$MODULE "C6"
reference "C6"
value "1u"
footprint "Capacitor_SMD:C_0603_1608Metric_Pad1.08x0.95mm_HandSolder"
attribut smd
position 143.500000 70.250000  orientation 180.00
layer front
$PAD "2"
Shape Roundrect Layer front
position  0.862500  0.000000  size  1.075000  0.950000  orientation 0.00
drill  0.000000
shape_offset  0.000000  0.000000
$EndPAD
$PAD "1"
Shape Roundrect Layer front
position -0.862500  0.000000  size  1.075000  0.950000  orientation 0.00
drill  0.000000
shape_offset  0.000000  0.000000
$EndPAD
$EndMODULE  C6

$MODULE "C9"
reference "C9"
value "100n"
footprint "Capacitor_SMD:C_0603_1608Metric_Pad1.08x0.95mm_HandSolder"
attribut smd
position 143.500000 83.890120  orientation 135.00
layer front
$PAD "2"
Shape Roundrect Layer front
position  0.862500  0.000000  size  1.075000  0.950000  orientation 0.00
drill  0.000000
shape_offset  0.000000  0.000000
$EndPAD
$PAD "1"
Shape Roundrect Layer front
position -0.862500  0.000000  size  1.075000  0.950000  orientation 0.00
drill  0.000000
shape_offset  0.000000  0.000000
$EndPAD
$EndMODULE  C9

$MODULE "C11"
reference "C11"
value "100n"
footprint "Capacitor_SMD:C_0603_1608Metric_Pad1.08x0.95mm_HandSolder"
attribut smd
position 138.750000 100.637500  orientation 90.00
layer front
$PAD "1"
Shape Roundrect Layer front
position -0.862500  0.000000  size  1.075000  0.950000  orientation 0.00
drill  0.000000
shape_offset  0.000000  0.000000
$EndPAD
$PAD "2"
Shape Roundrect Layer front
position  0.862500  0.000000  size  1.075000  0.950000  orientation 0.00
drill  0.000000
shape_offset  0.000000  0.000000
$EndPAD
$EndMODULE  C11

$MODULE "C13"
reference "C13"
value "100n"
footprint "Capacitor_SMD:C_0603_1608Metric_Pad1.08x0.95mm_HandSolder"
attribut smd
position 129.387500 110.750000  orientation 0.00
layer front
$PAD "2"
Shape Roundrect Layer front
position  0.862500  0.000000  size  1.075000  0.950000  orientation 0.00
drill  0.000000
shape_offset  0.000000  0.000000
$EndPAD
$PAD "1"
Shape Roundrect Layer front
position -0.862500  0.000000  size  1.075000  0.950000  orientation 0.00
drill  0.000000
shape_offset  0.000000  0.000000
$EndPAD
$EndMODULE  C13

$MODULE "C15"
reference "C15"
value "12p"
footprint "Capacitor_SMD:C_0603_1608Metric_Pad1.08x0.95mm_HandSolder"
attribut smd
position 127.633819 93.034623  orientation 90.00
layer front
$PAD "1"
Shape Roundrect Layer front
position -0.862500  0.000000  size  1.075000  0.950000  orientation 0.00
drill  0.000000
shape_offset  0.000000  0.000000
$EndPAD
$PAD "2"
Shape Roundrect Layer front
position  0.862500  0.000000  size  1.075000  0.950000  orientation 0.00
drill  0.000000
shape_offset  0.000000  0.000000
$EndPAD
$EndMODULE  C15

$MODULE "C16"
reference "C16"
value "12p"
footprint "Capacitor_SMD:C_0603_1608Metric_Pad1.08x0.95mm_HandSolder"
attribut smd
position 127.633819 96.923710  orientation 270.00
layer front
$PAD "1"
Shape Roundrect Layer front
position -0.862500  0.000000  size  1.075000  0.950000  orientation 0.00
drill  0.000000
shape_offset  0.000000  0.000000
$EndPAD
$PAD "2"
Shape Roundrect Layer front
position  0.862500  0.000000  size  1.075000  0.950000  orientation 0.00
drill  0.000000
shape_offset  0.000000  0.000000
$EndPAD
$EndMODULE  C16

$MODULE "C17"
reference "C17"
value "12p"
footprint "Capacitor_SMD:C_0603_1608Metric_Pad1.08x0.95mm_HandSolder"
attribut smd
position 143.500000 79.000000  orientation 180.00
layer front
$PAD "2"
Shape Roundrect Layer front
position  0.862500  0.000000  size  1.075000  0.950000  orientation 0.00
drill  0.000000
shape_offset  0.000000  0.000000
$EndPAD
$PAD "1"
Shape Roundrect Layer front
position -0.862500  0.000000  size  1.075000  0.950000  orientation 0.00
drill  0.000000
shape_offset  0.000000  0.000000
$EndPAD
$EndMODULE  C17

$MODULE "C18"
reference "C18"
value "12p"
footprint "Capacitor_SMD:C_0603_1608Metric_Pad1.08x0.95mm_HandSolder"
attribut smd
position 143.500000 81.000000  orientation 0.00
layer front
$PAD "1"
Shape Roundrect Layer front
position -0.862500  0.000000  size  1.075000  0.950000  orientation 0.00
drill  0.000000
shape_offset  0.000000  0.000000
$EndPAD
$PAD "2"
Shape Roundrect Layer front
position  0.862500  0.000000  size  1.075000  0.950000  orientation 0.00
drill  0.000000
shape_offset  0.000000  0.000000
$EndPAD
$EndMODULE  C18

$MODULE "C19"
reference "C19"
value "12p"
footprint "Capacitor_SMD:C_0603_1608Metric_Pad1.08x0.95mm_HandSolder"
attribut smd
position 129.387500 108.800000  orientation 0.00
layer front
$PAD "1"
Shape Roundrect Layer front
position -0.862500  0.000000  size  1.075000  0.950000  orientation 0.00
drill  0.000000
shape_offset  0.000000  0.000000
$EndPAD
$PAD "2"
Shape Roundrect Layer front
position  0.862500  0.000000  size  1.075000  0.950000  orientation 0.00
drill  0.000000
shape_offset  0.000000  0.000000
$EndPAD
$EndMODULE  C19

$MODULE "C20"
reference "C20"
value "12p"
footprint "Capacitor_SMD:C_0603_1608Metric_Pad1.08x0.95mm_HandSolder"
attribut smd
position 129.387500 102.400000  orientation 180.00
layer front
$PAD "2"
Shape Roundrect Layer front
position  0.862500  0.000000  size  1.075000  0.950000  orientation 0.00
drill  0.000000
shape_offset  0.000000  0.000000
$EndPAD
$PAD "1"
Shape Roundrect Layer front
position -0.862500  0.000000  size  1.075000  0.950000  orientation 0.00
drill  0.000000
shape_offset  0.000000  0.000000
$EndPAD
$EndMODULE  C20

$MODULE "C21"
reference "C21"
value "1u"
footprint "Capacitor_SMD:C_0603_1608Metric_Pad1.08x0.95mm_HandSolder"
attribut smd
position 128.637500 42.250000  orientation 0.00
layer front
$PAD "2"
Shape Roundrect Layer front
position  0.862500  0.000000  size  1.075000  0.950000  orientation 0.00
drill  0.000000
shape_offset  0.000000  0.000000
$EndPAD
$PAD "1"
Shape Roundrect Layer front
position -0.862500  0.000000  size  1.075000  0.950000  orientation 0.00
drill  0.000000
shape_offset  0.000000  0.000000
$EndPAD
$EndMODULE  C21

$MODULE "C24"
reference "C24"
value "10u"
footprint "Capacitor_SMD:C_0603_1608Metric_Pad1.08x0.95mm_HandSolder"
attribut smd
position 138.750000 136.137500  orientation 90.00
layer front
$PAD "1"
Shape Roundrect Layer front
position -0.862500  0.000000  size  1.075000  0.950000  orientation 0.00
drill  0.000000
shape_offset  0.000000  0.000000
$EndPAD
$PAD "2"
Shape Roundrect Layer front
position  0.862500  0.000000  size  1.075000  0.950000  orientation 0.00
drill  0.000000
shape_offset  0.000000  0.000000
$EndPAD
$EndMODULE  C24

$MODULE "C25"
reference "C25"
value "10u"
footprint "Capacitor_SMD:C_0603_1608Metric_Pad1.08x0.95mm_HandSolder"
attribut smd
position 138.000000 123.862500  orientation 270.00
layer front
$PAD "2"
Shape Roundrect Layer front
position  0.862500  0.000000  size  1.075000  0.950000  orientation 0.00
drill  0.000000
shape_offset  0.000000  0.000000
$EndPAD
$PAD "1"
Shape Roundrect Layer front
position -0.862500  0.000000  size  1.075000  0.950000  orientation 0.00
drill  0.000000
shape_offset  0.000000  0.000000
$EndPAD
$EndMODULE  C25

$MODULE "C26"
reference "C26"
value "10n"
footprint "Capacitor_SMD:C_0603_1608Metric_Pad1.08x0.95mm_HandSolder"
attribut smd
position 130.750000 72.250000  orientation 0.00
layer front
$PAD "2"
Shape Roundrect Layer front
position  0.862500  0.000000  size  1.075000  0.950000  orientation 0.00
drill  0.000000
shape_offset  0.000000  0.000000
$EndPAD
$PAD "1"
Shape Roundrect Layer front
position -0.862500  0.000000  size  1.075000  0.950000  orientation 0.00
drill  0.000000
shape_offset  0.000000  0.000000
$EndPAD
$EndMODULE  C26

$MODULE "C27"
reference "C27"
value "4.7u"
footprint "Capacitor_SMD:C_0603_1608Metric_Pad1.08x0.95mm_HandSolder"
attribut smd
position 130.750000 70.250000  orientation 0.00
layer front
$PAD "1"
Shape Roundrect Layer front
position -0.862500  0.000000  size  1.075000  0.950000  orientation 0.00
drill  0.000000
shape_offset  0.000000  0.000000
$EndPAD
$PAD "2"
Shape Roundrect Layer front
position  0.862500  0.000000  size  1.075000  0.950000  orientation 0.00
drill  0.000000
shape_offset  0.000000  0.000000
$EndPAD
$EndMODULE  C27

$MODULE "R5"
reference "R5"
value "100k"
footprint "Resistor_SMD:R_0603_1608Metric_Pad1.05x0.95mm_HandSolder"
attribut smd
position 139.375000 70.250000  orientation 180.00
layer front
$PAD "1"
Shape Roundrect Layer front
position -0.875000  0.000000  size  1.050000  0.950000  orientation 0.00
drill  0.000000
shape_offset  0.000000  0.000000
$EndPAD
$PAD "2"
Shape Roundrect Layer front
position  0.875000  0.000000  size  1.050000  0.950000  orientation 0.00
drill  0.000000
shape_offset  0.000000  0.000000
$EndPAD
$EndMODULE  R5

$MODULE "R7"
reference "R7"
value "100k"
footprint "Resistor_SMD:R_0603_1608Metric_Pad1.05x0.95mm_HandSolder"
attribut smd
position 125.875000 80.500000  orientation 180.00
layer front
$PAD "2"
Shape Roundrect Layer front
position  0.875000  0.000000  size  1.050000  0.950000  orientation 0.00
drill  0.000000
shape_offset  0.000000  0.000000
$EndPAD
$PAD "1"
Shape Roundrect Layer front
position -0.875000  0.000000  size  1.050000  0.950000  orientation 0.00
drill  0.000000
shape_offset  0.000000  0.000000
$EndPAD
$EndMODULE  R7

$MODULE "R9"
reference "R9"
value "100k"
footprint "Resistor_SMD:R_0603_1608Metric_Pad1.05x0.95mm_HandSolder"
attribut smd
position 130.750000 82.500000  orientation 270.00
layer front
$PAD "1"
Shape Roundrect Layer front
position -0.875000  0.000000  size  1.050000  0.950000  orientation 0.00
drill  0.000000
shape_offset  0.000000  0.000000
$EndPAD
$PAD "2"
Shape Roundrect Layer front
position  0.875000  0.000000  size  1.050000  0.950000  orientation 0.00
drill  0.000000
shape_offset  0.000000  0.000000
$EndPAD
$EndMODULE  R9

$MODULE "R10"
reference "R10"
value "3.3k"
footprint "Resistor_SMD:R_0603_1608Metric_Pad1.05x0.95mm_HandSolder"
attribut smd
position 139.375000 79.000000  orientation 0.00
layer front
$PAD "1"
Shape Roundrect Layer front
position -0.875000  0.000000  size  1.050000  0.950000  orientation 0.00
drill  0.000000
shape_offset  0.000000  0.000000
$EndPAD
$PAD "2"
Shape Roundrect Layer front
position  0.875000  0.000000  size  1.050000  0.950000  orientation 0.00
drill  0.000000
shape_offset  0.000000  0.000000
$EndPAD
$EndMODULE  R10

$MODULE "R11"
reference "R11"
value "3.3k"
footprint "Resistor_SMD:R_0603_1608Metric_Pad1.05x0.95mm_HandSolder"
attribut smd
position 139.375000 81.000000  orientation 0.00
layer front
$PAD "1"
Shape Roundrect Layer front
position -0.875000  0.000000  size  1.050000  0.950000  orientation 0.00
drill  0.000000
shape_offset  0.000000  0.000000
$EndPAD
$PAD "2"
Shape Roundrect Layer front
position  0.875000  0.000000  size  1.050000  0.950000  orientation 0.00
drill  0.000000
shape_offset  0.000000  0.000000
$EndPAD
$EndMODULE  R11

$MODULE "R12"
reference "R12"
value "3.3k"
footprint "Resistor_SMD:R_0603_1608Metric_Pad1.05x0.95mm_HandSolder"
attribut smd
position 129.375000 106.800000  orientation 180.00
layer front
$PAD "1"
Shape Roundrect Layer front
position -0.875000  0.000000  size  1.050000  0.950000  orientation 0.00
drill  0.000000
shape_offset  0.000000  0.000000
$EndPAD
$PAD "2"
Shape Roundrect Layer front
position  0.875000  0.000000  size  1.050000  0.950000  orientation 0.00
drill  0.000000
shape_offset  0.000000  0.000000
$EndPAD
$EndMODULE  R12

$MODULE "R13"
reference "R13"
value "3.3k"
footprint "Resistor_SMD:R_0603_1608Metric_Pad1.05x0.95mm_HandSolder"
attribut smd
position 129.375000 104.400000  orientation 0.00
layer front
$PAD "1"
Shape Roundrect Layer front
position -0.875000  0.000000  size  1.050000  0.950000  orientation 0.00
drill  0.000000
shape_offset  0.000000  0.000000
$EndPAD
$PAD "2"
Shape Roundrect Layer front
position  0.875000  0.000000  size  1.050000  0.950000  orientation 0.00
drill  0.000000
shape_offset  0.000000  0.000000
$EndPAD
$EndMODULE  R13

$MODULE "R14"
reference "R14"
value "470"
footprint "Resistor_SMD:R_0603_1608Metric_Pad1.05x0.95mm_HandSolder"
attribut smd
position 134.500000 43.875000  orientation 90.00
layer front
$PAD "1"
Shape Roundrect Layer front
position -0.875000  0.000000  size  1.050000  0.950000  orientation 0.00
drill  0.000000
shape_offset  0.000000  0.000000
$EndPAD
$PAD "2"
Shape Roundrect Layer front
position  0.875000  0.000000  size  1.050000  0.950000  orientation 0.00
drill  0.000000
shape_offset  0.000000  0.000000
$EndPAD
$EndMODULE  R14

$MODULE "R15"
reference "R15"
value "470"
footprint "Resistor_SMD:R_0603_1608Metric_Pad1.05x0.95mm_HandSolder"
attribut smd
position 136.750000 43.875000  orientation 90.00
layer front
$PAD "2"
Shape Roundrect Layer front
position  0.875000  0.000000  size  1.050000  0.950000  orientation 0.00
drill  0.000000
shape_offset  0.000000  0.000000
$EndPAD
$PAD "1"
Shape Roundrect Layer front
position -0.875000  0.000000  size  1.050000  0.950000  orientation 0.00
drill  0.000000
shape_offset  0.000000  0.000000
$EndPAD
$EndMODULE  R15

$MODULE "R16"
reference "R16"
value "100k"
footprint "Resistor_SMD:R_0603_1608Metric_Pad1.05x0.95mm_HandSolder"
attribut smd
position 128.625000 43.750000  orientation 0.00
layer front
$PAD "1"
Shape Roundrect Layer front
position -0.875000  0.000000  size  1.050000  0.950000  orientation 0.00
drill  0.000000
shape_offset  0.000000  0.000000
$EndPAD
$PAD "2"
Shape Roundrect Layer front
position  0.875000  0.000000  size  1.050000  0.950000  orientation 0.00
drill  0.000000
shape_offset  0.000000  0.000000
$EndPAD
$EndMODULE  R16

$MODULE "R17"
reference "R17"
value "2,2k"
footprint "Resistor_SMD:R_0603_1608Metric_Pad1.05x0.95mm_HandSolder"
attribut smd
position 136.250000 136.125000  orientation 270.00
layer front
$PAD "1"
Shape Roundrect Layer front
position -0.875000  0.000000  size  1.050000  0.950000  orientation 0.00
drill  0.000000
shape_offset  0.000000  0.000000
$EndPAD
$PAD "2"
Shape Roundrect Layer front
position  0.875000  0.000000  size  1.050000  0.950000  orientation 0.00
drill  0.000000
shape_offset  0.000000  0.000000
$EndPAD
$EndMODULE  R17

$MODULE "R18"
reference "R18"
value "330"
footprint "Resistor_SMD:R_0603_1608Metric_Pad1.05x0.95mm_HandSolder"
attribut smd
position 134.250000 136.125000  orientation 270.00
layer front
$PAD "2"
Shape Roundrect Layer front
position  0.875000  0.000000  size  1.050000  0.950000  orientation 0.00
drill  0.000000
shape_offset  0.000000  0.000000
$EndPAD
$PAD "1"
Shape Roundrect Layer front
position -0.875000  0.000000  size  1.050000  0.950000  orientation 0.00
drill  0.000000
shape_offset  0.000000  0.000000
$EndPAD
$EndMODULE  R18

$MODULE "R19"
reference "R19"
value "4.7k"
footprint "Resistor_SMD:R_0603_1608Metric_Pad1.05x0.95mm_HandSolder"
attribut smd
position 132.250000 132.000000  orientation 270.00
layer front
$PAD "2"
Shape Roundrect Layer front
position  0.875000  0.000000  size  1.050000  0.950000  orientation 0.00
drill  0.000000
shape_offset  0.000000  0.000000
$EndPAD
$PAD "1"
Shape Roundrect Layer front
position -0.875000  0.000000  size  1.050000  0.950000  orientation 0.00
drill  0.000000
shape_offset  0.000000  0.000000
$EndPAD
$EndMODULE  R19

$MODULE "R20"
reference "R20"
value "82k"
footprint "Resistor_SMD:R_0603_1608Metric_Pad1.05x0.95mm_HandSolder"
attribut smd
position 132.250000 136.125000  orientation 270.00
layer front
$PAD "1"
Shape Roundrect Layer front
position -0.875000  0.000000  size  1.050000  0.950000  orientation 0.00
drill  0.000000
shape_offset  0.000000  0.000000
$EndPAD
$PAD "2"
Shape Roundrect Layer front
position  0.875000  0.000000  size  1.050000  0.950000  orientation 0.00
drill  0.000000
shape_offset  0.000000  0.000000
$EndPAD
$EndMODULE  R20

$MODULE "R21"
reference "R21"
value "100k"
footprint "Resistor_SMD:R_0603_1608Metric_Pad1.05x0.95mm_HandSolder"
attribut smd
position 126.000000 74.250000  orientation 180.00
layer front
$PAD "1"
Shape Roundrect Layer front
position -0.875000  0.000000  size  1.050000  0.950000  orientation 0.00
drill  0.000000
shape_offset  0.000000  0.000000
$EndPAD
$PAD "2"
Shape Roundrect Layer front
position  0.875000  0.000000  size  1.050000  0.950000  orientation 0.00
drill  0.000000
shape_offset  0.000000  0.000000
$EndPAD
$EndMODULE  R21

$MODULE "R22"
reference "R22"
value "470"
footprint "Resistor_SMD:R_0603_1608Metric_Pad1.05x0.95mm_HandSolder"
attribut smd
position 130.125000 121.250000  orientation 0.00
layer front
$PAD "2"
Shape Roundrect Layer front
position  0.875000  0.000000  size  1.050000  0.950000  orientation 0.00
drill  0.000000
shape_offset  0.000000  0.000000
$EndPAD
$PAD "1"
Shape Roundrect Layer front
position -0.875000  0.000000  size  1.050000  0.950000  orientation 0.00
drill  0.000000
shape_offset  0.000000  0.000000
$EndPAD
$EndMODULE  R22

$MODULE "R23"
reference "R23"
value "2K"
footprint "Resistor_SMD:R_0603_1608Metric_Pad1.05x0.95mm_HandSolder"
attribut smd
position 126.475000 127.750000  orientation 0.00
layer front
$PAD "2"
Shape Roundrect Layer front
position  0.875000  0.000000  size  1.050000  0.950000  orientation 0.00
drill  0.000000
shape_offset  0.000000  0.000000
$EndPAD
$PAD "1"
Shape Roundrect Layer front
position -0.875000  0.000000  size  1.050000  0.950000  orientation 0.00
drill  0.000000
shape_offset  0.000000  0.000000
$EndPAD
$EndMODULE  R23

$MODULE "R24"
reference "R24"
value "1k"
footprint "Resistor_SMD:R_0603_1608Metric_Pad1.05x0.95mm_HandSolder"
attribut smd
position 125.875000 84.500000  orientation 0.00
layer front
$PAD "2"
Shape Roundrect Layer front
position  0.875000  0.000000  size  1.050000  0.950000  orientation 0.00
drill  0.000000
shape_offset  0.000000  0.000000
$EndPAD
$PAD "1"
Shape Roundrect Layer front
position -0.875000  0.000000  size  1.050000  0.950000  orientation 0.00
drill  0.000000
shape_offset  0.000000  0.000000
$EndPAD
$EndMODULE  R24

$MODULE "R25"
reference "R25"
value "100k"
footprint "Resistor_SMD:R_0603_1608Metric_Pad1.05x0.95mm_HandSolder"
attribut smd
position 129.375000 112.625000  orientation 180.00
layer front
$PAD "2"
Shape Roundrect Layer front
position  0.875000  0.000000  size  1.050000  0.950000  orientation 0.00
drill  0.000000
shape_offset  0.000000  0.000000
$EndPAD
$PAD "1"
Shape Roundrect Layer front
position -0.875000  0.000000  size  1.050000  0.950000  orientation 0.00
drill  0.000000
shape_offset  0.000000  0.000000
$EndPAD
$EndMODULE  R25

$MODULE "BT2"
reference "BT2"
value "18650 Li-Ion (4.3-2.7V)"
footprint "IgorFootprints:18650holder"
attribut none
position 134.500000 122.400000  orientation 90.00
layer back
$PAD "2"
Shape Circle Layer both
position 72.900000  0.000000  size  3.000000  3.000000  orientation 90.00
drill  1.700000
shape_offset  0.000000  0.000000
$EndPAD
$PAD "1"
Shape Rect Layer both
position  0.000000  0.000000  size  3.000000  3.000000  orientation 90.00
drill  1.700000
shape_offset  0.000000  0.000000
$EndPAD
$EndMODULE  BT2

$MODULE "D5"
reference "D5"
value "LED"
footprint "LED_SMD:LED_0805_2012Metric_Pad1.15x1.40mm_HandSolder"
attribut smd
position 139.000000 44.225000  orientation 90.00
layer back
$PAD "1"
Shape Roundrect Layer back
position -1.025000  0.000000  size  1.150000  1.400000  orientation 0.00
drill  0.000000
shape_offset  0.000000  0.000000
$EndPAD
$PAD "2"
Shape Roundrect Layer back
position  1.025000  0.000000  size  1.150000  1.400000  orientation 0.00
drill  0.000000
shape_offset  0.000000  0.000000
$EndPAD
$EndMODULE  D5

$MODULE "R26"
reference "R26"
value "330"
footprint "Resistor_SMD:R_0603_1608Metric_Pad1.05x0.95mm_HandSolder"
attribut smd
position 139.000000 43.875000  orientation 90.00
layer front
$PAD "2"
Shape Roundrect Layer front
position  0.875000  0.000000  size  1.050000  0.950000  orientation 0.00
drill  0.000000
shape_offset  0.000000  0.000000
$EndPAD
$PAD "1"
Shape Roundrect Layer front
position -0.875000  0.000000  size  1.050000  0.950000  orientation 0.00
drill  0.000000
shape_offset  0.000000  0.000000
$EndPAD
$EndMODULE  R26

$MODULE "JP3"
reference "JP3"
value "SolderJumper"
footprint "Jumper:SolderJumper-2_P1.3mm_Open_RoundedPad1.0x1.5mm"
attribut virtual
position 129.500000 118.600000  orientation 90.00
layer front
$PAD "1"
Shape CustomShape Layer front
position -0.650000  0.000000  size  1.000000  0.500000  orientation 0.00
drill  0.000000
shape_offset  0.000000  0.000000
$EndPAD
$PAD "2"
Shape CustomShape Layer front
position  0.650000  0.000000  size  1.000000  0.500000  orientation 0.00
drill  0.000000
shape_offset  0.000000  0.000000
$EndPAD
$EndMODULE  JP3

$MODULE "J1"
reference "J1"
value "Micro_SD_Card"
footprint "IgorFootprints:molex-MicroSD-5027740891"
attribut smd
position 146.989706 60.250000  orientation 270.00
layer front
$PAD "1"
Shape Rect Layer front
position  2.982900 17.751006  size  0.812800  1.676400  orientation 0.00
drill  0.000000
shape_offset  0.000000  0.000000
$EndPAD
$PAD "11"
Shape Rect Layer front
position -6.775100  8.787000  size  1.295400  1.397000  orientation 0.00
drill  0.000000
shape_offset  0.000000  0.000000
$EndPAD
$PAD "2"
Shape Rect Layer front
position  1.882900 17.751006  size  0.812800  1.676400  orientation 0.00
drill  0.000000
shape_offset  0.000000  0.000000
$EndPAD
$PAD "10"
Shape Rect Layer front
position  6.834547  2.989706  size  1.498600  1.701800  orientation 0.00
drill  0.000000
shape_offset  0.000000  0.000000
$EndPAD
$PAD "14"
Shape Rect Layer front
position  6.533400 17.839906  size  1.701800  1.498600  orientation 0.00
drill  0.000000
shape_offset  0.000000  0.000000
$EndPAD
$PAD "12"
Shape Rect Layer front
position -6.775100 16.187000  size  1.295400  1.295400  orientation 0.00
drill  0.000000
shape_offset  0.000000  0.000000
$EndPAD
$PAD "9"
Shape Rect Layer front
position -6.666753  2.989706  size  1.498600  1.701800  orientation 0.00
drill  0.000000
shape_offset  0.000000  0.000000
$EndPAD
$PAD "13"
Shape Rect Layer front
position -6.117200 17.839906  size  1.600200  1.498600  orientation 0.00
drill  0.000000
shape_offset  0.000000  0.000000
$EndPAD
$PAD "7"
Shape Rect Layer front
position -3.617100 17.751006  size  0.812800  1.676400  orientation 0.00
drill  0.000000
shape_offset  0.000000  0.000000
$EndPAD
$PAD "5"
Shape Rect Layer front
position -1.417100 17.751006  size  0.812800  1.676400  orientation 0.00
drill  0.000000
shape_offset  0.000000  0.000000
$EndPAD
$PAD "8"
Shape Rect Layer front
position -4.717100 17.751006  size  0.812800  1.676400  orientation 0.00
drill  0.000000
shape_offset  0.000000  0.000000
$EndPAD
$PAD "4"
Shape Rect Layer front
position -0.317100 17.751006  size  0.812800  1.676400  orientation 0.00
drill  0.000000
shape_offset  0.000000  0.000000
$EndPAD
$PAD "6"
Shape Rect Layer front
position -2.517100 17.751006  size  0.812800  1.676400  orientation 0.00
drill  0.000000
shape_offset  0.000000  0.000000
$EndPAD
$PAD "3"
Shape Rect Layer front
position  0.782900 17.751006  size  0.812800  1.676400  orientation 0.00
drill  0.000000
shape_offset  0.000000  0.000000
$EndPAD
$EndMODULE  J1

$MODULE "C1"
reference "C1"
value "1u"
footprint "Capacitor_SMD:C_0603_1608Metric_Pad1.08x0.95mm_HandSolder"
attribut smd
position 134.500000 74.137500  orientation 90.00
layer front
$PAD "2"
Shape Roundrect Layer front
position  0.862500  0.000000  size  1.075000  0.950000  orientation 0.00
drill  0.000000
shape_offset  0.000000  0.000000
$EndPAD
$PAD "1"
Shape Roundrect Layer front
position -0.862500  0.000000  size  1.075000  0.950000  orientation 0.00
drill  0.000000
shape_offset  0.000000  0.000000
$EndPAD
$EndMODULE  C1

$MODULE "Q6"
reference "Q6"
value "AO3400A"
footprint "Package_TO_SOT_SMD:SOT-23"
attribut smd
position 143.200000 120.750000  orientation 270.00
layer front
$PAD "1"
Shape Rect Layer front
position -1.000000 -0.950000  size  0.900000  0.800000  orientation 0.00
drill  0.000000
shape_offset  0.000000  0.000000
$EndPAD
$PAD "2"
Shape Rect Layer front
position -1.000000  0.950000  size  0.900000  0.800000  orientation 0.00
drill  0.000000
shape_offset  0.000000  0.000000
$EndPAD
$PAD "3"
Shape Rect Layer front
position  1.000000  0.000000  size  0.900000  0.800000  orientation 0.00
drill  0.000000
shape_offset  0.000000  0.000000
$EndPAD
$EndMODULE  Q6

$MODULE "Q7"
reference "Q7"
value "AO3401A"
footprint "Package_TO_SOT_SMD:SOT-23"
attribut smd
position 143.250000 128.000000  orientation 270.00
layer front
$PAD "3"
Shape Rect Layer front
position  1.000000  0.000000  size  0.900000  0.800000  orientation 0.00
drill  0.000000
shape_offset  0.000000  0.000000
$EndPAD
$PAD "2"
Shape Rect Layer front
position -1.000000  0.950000  size  0.900000  0.800000  orientation 0.00
drill  0.000000
shape_offset  0.000000  0.000000
$EndPAD
$PAD "1"
Shape Rect Layer front
position -1.000000 -0.950000  size  0.900000  0.800000  orientation 0.00
drill  0.000000
shape_offset  0.000000  0.000000
$EndPAD
$EndMODULE  Q7

$MODULE "R27"
reference "R27"
value "4.7k"
footprint "Resistor_SMD:R_0603_1608Metric_Pad1.05x0.95mm_HandSolder"
attribut smd
position 139.250000 118.125000  orientation 0.00
layer front
$PAD "2"
Shape Roundrect Layer front
position  0.875000  0.000000  size  1.050000  0.950000  orientation 0.00
drill  0.000000
shape_offset  0.000000  0.000000
$EndPAD
$PAD "1"
Shape Roundrect Layer front
position -0.875000  0.000000  size  1.050000  0.950000  orientation 0.00
drill  0.000000
shape_offset  0.000000  0.000000
$EndPAD
$EndMODULE  R27

$MODULE "R28"
reference "R28"
value "1k"
footprint "Resistor_SMD:R_0603_1608Metric_Pad1.05x0.95mm_HandSolder"
attribut smd
position 143.125000 116.000000  orientation 180.00
layer front
$PAD "1"
Shape Roundrect Layer front
position -0.875000  0.000000  size  1.050000  0.950000  orientation 0.00
drill  0.000000
shape_offset  0.000000  0.000000
$EndPAD
$PAD "2"
Shape Roundrect Layer front
position  0.875000  0.000000  size  1.050000  0.950000  orientation 0.00
drill  0.000000
shape_offset  0.000000  0.000000
$EndPAD
$EndMODULE  R28

$MODULE "R29"
reference "R29"
value "100k"
footprint "Resistor_SMD:R_0603_1608Metric_Pad1.05x0.95mm_HandSolder"
attribut smd
position 143.125000 117.750000  orientation 0.00
layer front
$PAD "2"
Shape Roundrect Layer front
position  0.875000  0.000000  size  1.050000  0.950000  orientation 0.00
drill  0.000000
shape_offset  0.000000  0.000000
$EndPAD
$PAD "1"
Shape Roundrect Layer front
position -0.875000  0.000000  size  1.050000  0.950000  orientation 0.00
drill  0.000000
shape_offset  0.000000  0.000000
$EndPAD
$EndMODULE  R29

$MODULE "R30"
reference "R30"
value "4.7k"
footprint "Resistor_SMD:R_0603_1608Metric_Pad1.05x0.95mm_HandSolder"
attribut smd
position 140.250000 120.875000  orientation 270.00
layer front
$PAD "1"
Shape Roundrect Layer front
position -0.875000  0.000000  size  1.050000  0.950000  orientation 0.00
drill  0.000000
shape_offset  0.000000  0.000000
$EndPAD
$PAD "2"
Shape Roundrect Layer front
position  0.875000  0.000000  size  1.050000  0.950000  orientation 0.00
drill  0.000000
shape_offset  0.000000  0.000000
$EndPAD
$EndMODULE  R30

$MODULE "R31"
reference "R31"
value "100k"
footprint "Resistor_SMD:R_0603_1608Metric_Pad1.05x0.95mm_HandSolder"
attribut smd
position 143.250000 125.000000  orientation 180.00
layer front
$PAD "1"
Shape Roundrect Layer front
position -0.875000  0.000000  size  1.050000  0.950000  orientation 0.00
drill  0.000000
shape_offset  0.000000  0.000000
$EndPAD
$PAD "2"
Shape Roundrect Layer front
position  0.875000  0.000000  size  1.050000  0.950000  orientation 0.00
drill  0.000000
shape_offset  0.000000  0.000000
$EndPAD
$EndMODULE  R31

$MODULE "R32"
reference "R32"
value "6.8k"
footprint "Resistor_SMD:R_0603_1608Metric_Pad1.05x0.95mm_HandSolder"
attribut smd
position 129.750000 87.500000  orientation 0.00
layer front
$PAD "2"
Shape Roundrect Layer front
position  0.875000  0.000000  size  1.050000  0.950000  orientation 0.00
drill  0.000000
shape_offset  0.000000  0.000000
$EndPAD
$PAD "1"
Shape Roundrect Layer front
position -0.875000  0.000000  size  1.050000  0.950000  orientation 0.00
drill  0.000000
shape_offset  0.000000  0.000000
$EndPAD
$EndMODULE  R32

$MODULE "R33"
reference "R33"
value "4.7k"
footprint "Resistor_SMD:R_0603_1608Metric_Pad1.05x0.95mm_HandSolder"
attribut smd
position 129.750000 85.750000  orientation 0.00
layer front
$PAD "1"
Shape Roundrect Layer front
position -0.875000  0.000000  size  1.050000  0.950000  orientation 0.00
drill  0.000000
shape_offset  0.000000  0.000000
$EndPAD
$PAD "2"
Shape Roundrect Layer front
position  0.875000  0.000000  size  1.050000  0.950000  orientation 0.00
drill  0.000000
shape_offset  0.000000  0.000000
$EndPAD
$EndMODULE  R33

$MODULE "D4"
reference "D4"
value "MBR0530"
footprint "Diode_SMD:D_SOD-123"
attribut smd
position 125.750000 113.650000  orientation 270.00
layer front
$PAD "1"
Shape Rect Layer front
position -1.650000  0.000000  size  0.900000  1.200000  orientation 0.00
drill  0.000000
shape_offset  0.000000  0.000000
$EndPAD
$PAD "2"
Shape Rect Layer front
position  1.650000  0.000000  size  0.900000  1.200000  orientation 0.00
drill  0.000000
shape_offset  0.000000  0.000000
$EndPAD
$EndMODULE  D4

$EndDESCRIPTION
